<?xml version="1.0" encoding="UTF-8"?>
<testsuite name="fr.miage.randonneesAdventura.RandonneesAdventuraApplicationTests" tests="1" skipped="0" failures="0" errors="0" timestamp="2024-05-13T06:16:40" hostname="MacBook-Pro-de-Theo.local" time="0.359">
  <properties/>
  <testcase name="contextLoads()" classname="fr.miage.randonneesAdventura.RandonneesAdventuraApplicationTests" time="0.359"/>
  <system-out><![CDATA[08:16:39.492 [Test worker] INFO org.springframework.test.context.support.AnnotationConfigContextLoaderUtils -- Could not detect default configuration classes for test class [fr.miage.randonneesAdventura.RandonneesAdventuraApplicationTests]: RandonneesAdventuraApplicationTests does not declare any static, non-private, non-final, nested classes annotated with @Configuration.
08:16:39.526 [Test worker] INFO org.springframework.boot.test.context.SpringBootTestContextBootstrapper -- Found @SpringBootConfiguration fr.miage.randonneesAdventura.RandonneesAdventuraApplication for test class fr.miage.randonneesAdventura.RandonneesAdventuraApplicationTests

  .   ____          _            __ _ _
 /\\ / ___'_ __ _ _(_)_ __  __ _ \ \ \ \
( ( )\___ | '_ | '_| | '_ \/ _` | \ \ \ \
 \\/  ___)| |_)| | | | | || (_| |  ) ) ) )
  '  |____| .__|_| |_|_| |_\__, | / / / /
 =========|_|==============|___/=/_/_/_/
 :: Spring Boot ::                (v3.2.4)

2024-05-13T08:16:39.652+02:00  INFO 4138 --- [randonneesAdventura] [    Test worker] .m.r.RandonneesAdventuraApplicationTests : Starting RandonneesAdventuraApplicationTests using Java 21.0.1 with PID 4138 (started by theoborreani in /Users/theoborreani/developper/projects/projet-de-d-veloppement-big-data-diop_borreani_mohdad_vasseur_wanounou/randonneesAdventura)
2024-05-13T08:16:39.652+02:00  INFO 4138 --- [randonneesAdventura] [    Test worker] .m.r.RandonneesAdventuraApplicationTests : No active profile set, falling back to 1 default profile: "default"
2024-05-13T08:16:39.886+02:00  INFO 4138 --- [randonneesAdventura] [    Test worker] .s.d.r.c.RepositoryConfigurationDelegate : Multiple Spring Data modules found, entering strict repository configuration mode
2024-05-13T08:16:39.886+02:00  INFO 4138 --- [randonneesAdventura] [    Test worker] .s.d.r.c.RepositoryConfigurationDelegate : Bootstrapping Spring Data MongoDB repositories in DEFAULT mode.
2024-05-13T08:16:39.892+02:00  INFO 4138 --- [randonneesAdventura] [    Test worker] .s.d.r.c.RepositoryConfigurationDelegate : Finished Spring Data repository scanning in 4 ms. Found 0 MongoDB repository interfaces.
2024-05-13T08:16:39.898+02:00  INFO 4138 --- [randonneesAdventura] [    Test worker] .s.d.r.c.RepositoryConfigurationDelegate : Multiple Spring Data modules found, entering strict repository configuration mode
2024-05-13T08:16:39.898+02:00  INFO 4138 --- [randonneesAdventura] [    Test worker] .s.d.r.c.RepositoryConfigurationDelegate : Bootstrapping Spring Data Redis repositories in DEFAULT mode.
2024-05-13T08:16:39.901+02:00  INFO 4138 --- [randonneesAdventura] [    Test worker] .s.d.r.c.RepositoryConfigurationDelegate : Finished Spring Data repository scanning in 0 ms. Found 0 Redis repository interfaces.
2024-05-13T08:16:40.302+02:00  INFO 4138 --- [randonneesAdventura] [    Test worker] org.mongodb.driver.client                : MongoClient with metadata {"driver": {"name": "mongo-java-driver|sync|spring-boot", "version": "4.11.1"}, "os": {"type": "Darwin", "name": "Mac OS X", "architecture": "aarch64", "version": "13.5.1"}, "platform": "Java/Oracle Corporation/21.0.1+12-LTS-29"} created with settings MongoClientSettings{readPreference=primary, writeConcern=WriteConcern{w=null, wTimeout=null ms, journal=null}, retryWrites=true, retryReads=true, readConcern=ReadConcern{level=null}, credential=null, transportSettings=null, streamFactoryFactory=null, commandListeners=[], codecRegistry=ProvidersCodecRegistry{codecProviders=[ValueCodecProvider{}, BsonValueCodecProvider{}, DBRefCodecProvider{}, DBObjectCodecProvider{}, DocumentCodecProvider{}, CollectionCodecProvider{}, IterableCodecProvider{}, MapCodecProvider{}, GeoJsonCodecProvider{}, GridFSFileCodecProvider{}, Jsr310CodecProvider{}, JsonObjectCodecProvider{}, BsonCodecProvider{}, EnumCodecProvider{}, com.mongodb.client.model.mql.ExpressionCodecProvider@7ab33ca8, com.mongodb.Jep395RecordCodecProvider@704d3b00, com.mongodb.KotlinCodecProvider@21e484b]}, loggerSettings=LoggerSettings{maxDocumentLength=1000}, clusterSettings={hosts=[localhost:27017], srvServiceName=mongodb, mode=SINGLE, requiredClusterType=UNKNOWN, requiredReplicaSetName='null', serverSelector='null', clusterListeners='[]', serverSelectionTimeout='30000 ms', localThreshold='15 ms'}, socketSettings=SocketSettings{connectTimeoutMS=10000, readTimeoutMS=0, receiveBufferSize=0, proxySettings=ProxySettings{host=null, port=null, username=null, password=null}}, heartbeatSocketSettings=SocketSettings{connectTimeoutMS=10000, readTimeoutMS=10000, receiveBufferSize=0, proxySettings=ProxySettings{host=null, port=null, username=null, password=null}}, connectionPoolSettings=ConnectionPoolSettings{maxSize=100, minSize=0, maxWaitTimeMS=120000, maxConnectionLifeTimeMS=0, maxConnectionIdleTimeMS=0, maintenanceInitialDelayMS=0, maintenanceFrequencyMS=60000, connectionPoolListeners=[], maxConnecting=2}, serverSettings=ServerSettings{heartbeatFrequencyMS=10000, minHeartbeatFrequencyMS=500, serverListeners='[]', serverMonitorListeners='[]'}, sslSettings=SslSettings{enabled=false, invalidHostNameAllowed=false, context=null}, applicationName='null', compressorList=[], uuidRepresentation=JAVA_LEGACY, serverApi=null, autoEncryptionSettings=null, dnsClient=null, inetAddressResolver=null, contextProvider=null}
2024-05-13T08:16:40.310+02:00  INFO 4138 --- [randonneesAdventura] [localhost:27017] org.mongodb.driver.cluster               : Monitor thread successfully connected to server with description ServerDescription{address=localhost:27017, type=STANDALONE, state=CONNECTED, ok=true, minWireVersion=0, maxWireVersion=21, maxDocumentSize=16777216, logicalSessionTimeoutMinutes=30, roundTripTimeNanos=7194083}
2024-05-13T08:16:40.391+02:00  INFO 4138 --- [randonneesAdventura] [    Test worker] .m.r.RandonneesAdventuraApplicationTests : Started RandonneesAdventuraApplicationTests in 0.818 seconds (process running for 1.212)
]]></system-out>
  <system-err><![CDATA[WARNING: A Java agent has been loaded dynamically (/Users/theoborreani/.gradle/caches/modules-2/files-2.1/net.bytebuddy/byte-buddy-agent/1.14.12/be4984cb6fd1ef1d11f218a648889dfda44b8a15/byte-buddy-agent-1.14.12.jar)
WARNING: If a serviceability tool is in use, please run with -XX:+EnableDynamicAgentLoading to hide this warning
WARNING: If a serviceability tool is not in use, please run with -Djdk.instrument.traceUsage for more information
WARNING: Dynamic loading of agents will be disallowed by default in a future release
]]></system-err>
</testsuite>
